Start testing: Feb 22 20:07 CET
----------------------------------------------------------
Unable to find executable: runUnitTests
1/1 Testing: UnitTests
1/1 Test: UnitTests
Command: ""
Directory: /Users/ptorres/Desktop/42-cursus/ft_containers/test/build
"UnitTests" start time: 
Output:
----------------------------------------------------------
<end of output>
Test time =   0.00 sec
----------------------------------------------------------
Test Passed.
"UnitTests" end time: Feb 22 20:07 CET
"UnitTests" time elapsed: 00:00:00
----------------------------------------------------------

End testing: Feb 22 20:07 CET
